======================================================================
POLAR CODE RELIABILITY SIMULATION
======================================================================

[1] Small-scale SC validation: N=128, K=16

  r=7 (80-bit), p=0.0706
  N=128, trial 10/100, errors=10, elapsed=0.2s
  N=128, trial 20/100, errors=20, elapsed=0.3s
  N=128, trial 30/100, errors=30, elapsed=0.3s
  N=128, trial 40/100, errors=40, elapsed=0.4s
  N=128, trial 50/100, errors=50, elapsed=0.5s
  N=128, trial 60/100, errors=60, elapsed=0.5s
  N=128, trial 70/100, errors=70, elapsed=0.6s
  N=128, trial 80/100, errors=80, elapsed=0.7s
  N=128, trial 90/100, errors=90, elapsed=0.7s
  N=128, trial 100/100, errors=100, elapsed=0.8s
  BLER = 1.0000 (1.00e+00)

  r=11 (128-bit), p=0.0343
  N=128, trial 10/100, errors=10, elapsed=0.1s
  N=128, trial 20/100, errors=20, elapsed=0.1s
  N=128, trial 30/100, errors=30, elapsed=0.2s
  N=128, trial 40/100, errors=40, elapsed=0.3s
  N=128, trial 50/100, errors=50, elapsed=0.4s
  N=128, trial 60/100, errors=60, elapsed=0.4s
  N=128, trial 70/100, errors=70, elapsed=0.5s
  N=128, trial 80/100, errors=80, elapsed=0.6s
  N=128, trial 90/100, errors=90, elapsed=0.6s
  N=128, trial 100/100, errors=100, elapsed=0.7s
  BLER = 1.0000 (1.00e+00)

[2] Medium-scale SC validation: N=256, K=32

  r=7 (80-bit), p=0.0706
  N=256, trial 10/50, errors=10, elapsed=0.3s
  N=256, trial 20/50, errors=20, elapsed=0.6s
  N=256, trial 30/50, errors=30, elapsed=0.8s
  N=256, trial 40/50, errors=40, elapsed=1.1s
  N=256, trial 50/50, errors=50, elapsed=1.4s
  BLER = 1.0000 (1.00e+00)

  r=11 (128-bit), p=0.0343
  N=256, trial 10/50, errors=10, elapsed=0.3s
  N=256, trial 20/50, errors=20, elapsed=0.6s
  N=256, trial 30/50, errors=30, elapsed=0.8s
  N=256, trial 40/50, errors=40, elapsed=1.1s
  N=256, trial 50/50, errors=50, elapsed=1.4s
  BLER = 1.0000 (1.00e+00)

[3] Target SC simulation: N=2048, K=256 (expect slow)

  r=7 (80-bit), p=0.0706
  Running 10 trials (may take several minutes)...
  N=2048, trial 10/10, errors=10, elapsed=18.1s
  BLER = 1.0000 (1.00e+00)

  r=11 (128-bit), p=0.0343
  Running 10 trials (may take several minutes)...
  N=2048, trial 10/10, errors=10, elapsed=18.2s
  BLER = 1.0000 (1.00e+00)

======================================================================
NOTES:
- SC decoder is suboptimal; SCL(L=8) typically improves by 2-4 orders of magnitude.
- If SC BLER is already low, SCL BLER will be much lower.
- Full N=2048 SCL in Python is impractical; use C++/Rust for production validation.
======================================================================
